TESTING: /home/osboxes/Desktop/gt-cs3220.github.io/Fall_2022/proj2/tests/part2/addi.mem
Failed. exitcode: 84
TESTING: /home/osboxes/Desktop/gt-cs3220.github.io/Fall_2022/proj2/tests/part2/add.mem
Passed!
TESTING: /home/osboxes/Desktop/gt-cs3220.github.io/Fall_2022/proj2/tests/part2/auipc.mem
Passed!
TESTING: /home/osboxes/Desktop/gt-cs3220.github.io/Fall_2022/proj2/tests/part2/beq.mem
Passed!
TESTING: /home/osboxes/Desktop/gt-cs3220.github.io/Fall_2022/proj2/tests/part2/bge.mem
Passed!
TESTING: /home/osboxes/Desktop/gt-cs3220.github.io/Fall_2022/proj2/tests/part2/jal.mem
Passed!
TESTING: /home/osboxes/Desktop/gt-cs3220.github.io/Fall_2022/proj2/tests/part2/jalr.mem
Passed!
TESTING: /home/osboxes/Desktop/gt-cs3220.github.io/Fall_2022/proj2/tests/part2/test7.mem
Failed. exitcode: 0
TESTING: /home/osboxes/Desktop/gt-cs3220.github.io/Fall_2022/proj2/tests/part2/test8.mem
Passed!
TESTING: /home/osboxes/Desktop/gt-cs3220.github.io/Fall_2022/proj2/tests/part2/test9.mem
Failed. exitcode: 3
